<?xml version="1.0" encoding="UTF-8"?>
<!-- Generated by org.testng.reporters.JUnitXMLReporter -->
<testsuite ignored="5" hostname="DESKTOP-5DQQ2A0" failures="6" tests="6" name="Contact CRUD Flow" time="0.719" errors="0" timestamp="2026-07-17T19:08:56 IST">
  <testcase classname="com.api.automation.tests.LoginTest" name="verifyTokenGeneration" time="0.223">
    <failure type="java.lang.IllegalStateException" message="Required property is missing: api.email. Provide it using JVM property &amp;apos;-Dapi.email=value&amp;apos;, Jenkins environment variable &amp;apos;API_EMAIL&amp;apos;, or config-qa.properties.">
      <![CDATA[java.lang.IllegalStateException: Required property is missing: api.email. Provide it using JVM property '-Dapi.email=value', Jenkins environment variable 'API_EMAIL', or config-qa.properties.
at com.api.automation.config.ConfigManager.getRequiredProperty(ConfigManager.java:92)
at com.api.automation.utils.TokenManager.getToken(TokenManager.java:28)
at com.api.automation.tests.LoginTest.verifyTokenGeneration(LoginTest.java:14)
at java.base/java.util.ArrayList.forEach(ArrayList.java:1596)
... Removed 25 stack frames]]>
    </failure>
  </testcase> <!-- verifyTokenGeneration -->
  <testcase classname="com.api.automation.tests.CreateContactTest" name="createContact" time="0.006">
    <failure type="java.lang.IllegalStateException" message="Required property is missing: api.email. Provide it using JVM property &amp;apos;-Dapi.email=value&amp;apos;, Jenkins environment variable &amp;apos;API_EMAIL&amp;apos;, or config-qa.properties.">
      <![CDATA[java.lang.IllegalStateException: Required property is missing: api.email. Provide it using JVM property '-Dapi.email=value', Jenkins environment variable 'API_EMAIL', or config-qa.properties.
at com.api.automation.config.ConfigManager.getRequiredProperty(ConfigManager.java:92)
at com.api.automation.utils.TokenManager.getToken(TokenManager.java:28)
at com.api.automation.tests.CreateContactTest.createContact(CreateContactTest.java:27)
at java.base/java.util.ArrayList.forEach(ArrayList.java:1596)
... Removed 25 stack frames]]>
    </failure>
  </testcase> <!-- createContact -->
  <testcase classname="com.api.automation.tests.GetContactTest" name="getContactById" time="0.005">
    <failure type="java.lang.IllegalStateException" message="Contact ID is not available. CreateContactTest must run first.">
      <![CDATA[java.lang.IllegalStateException: Contact ID is not available. CreateContactTest must run first.
at com.api.automation.utils.TestContext.getContactId(TestContext.java:23)
at com.api.automation.tests.GetContactTest.getContactById(GetContactTest.java:22)
at java.base/java.util.ArrayList.forEach(ArrayList.java:1596)
... Removed 25 stack frames]]>
    </failure>
  </testcase> <!-- getContactById -->
  <testcase classname="com.api.automation.tests.UpdateContactTest" name="updateContact" time="0.003">
    <failure type="java.lang.IllegalStateException" message="Contact ID is not available. CreateContactTest must run first.">
      <![CDATA[java.lang.IllegalStateException: Contact ID is not available. CreateContactTest must run first.
at com.api.automation.utils.TestContext.getContactId(TestContext.java:23)
at com.api.automation.tests.UpdateContactTest.updateContact(UpdateContactTest.java:25)
at java.base/java.util.ArrayList.forEach(ArrayList.java:1596)
... Removed 25 stack frames]]>
    </failure>
  </testcase> <!-- updateContact -->
  <testcase classname="com.api.automation.tests.PatchContactTest" name="patchContact" time="0.003">
    <failure type="java.lang.IllegalStateException" message="Contact ID is not available. CreateContactTest must run first.">
      <![CDATA[java.lang.IllegalStateException: Contact ID is not available. CreateContactTest must run first.
at com.api.automation.utils.TestContext.getContactId(TestContext.java:23)
at com.api.automation.tests.PatchContactTest.patchContact(PatchContactTest.java:25)
at java.base/java.util.ArrayList.forEach(ArrayList.java:1596)
... Removed 25 stack frames]]>
    </failure>
  </testcase> <!-- patchContact -->
  <testcase classname="com.api.automation.tests.DeleteContactTest" name="deleteContact" time="0.002">
    <failure type="java.lang.IllegalStateException" message="Contact ID is not available. CreateContactTest must run first.">
      <![CDATA[java.lang.IllegalStateException: Contact ID is not available. CreateContactTest must run first.
at com.api.automation.utils.TestContext.getContactId(TestContext.java:23)
at com.api.automation.tests.DeleteContactTest.deleteContact(DeleteContactTest.java:20)
at java.base/java.util.ArrayList.forEach(ArrayList.java:1596)
... Removed 25 stack frames]]>
    </failure>
  </testcase> <!-- deleteContact -->
  <testcase classname="com.api.automation.base.BaseTest" name="@BeforeSuite setUpSuite" time="0.0">
    <ignored/>
  </testcase> <!-- @BeforeSuite setUpSuite -->
  <testcase classname="com.api.automation.base.BaseTest" name="@BeforeSuite setUpSuite" time="0.0">
    <ignored/>
  </testcase> <!-- @BeforeSuite setUpSuite -->
  <testcase classname="com.api.automation.base.BaseTest" name="@BeforeSuite setUpSuite" time="0.0">
    <ignored/>
  </testcase> <!-- @BeforeSuite setUpSuite -->
  <testcase classname="com.api.automation.base.BaseTest" name="@BeforeSuite setUpSuite" time="0.0">
    <ignored/>
  </testcase> <!-- @BeforeSuite setUpSuite -->
  <testcase classname="com.api.automation.base.BaseTest" name="@BeforeSuite setUpSuite" time="0.0">
    <ignored/>
  </testcase> <!-- @BeforeSuite setUpSuite -->
</testsuite> <!-- Contact CRUD Flow -->
