<?xml version="1.0" encoding="UTF-8"?>
<!-- Generated by org.testng.reporters.JUnitXMLReporter -->
<testsuite ignored="5" hostname="DESKTOP-5DQQ2A0" failures="0" tests="6" name="Contact CRUD Flow" time="11.06" errors="0" timestamp="2026-07-16T18:43:43 IST">
  <testcase classname="com.api.automation.tests.LoginTest" name="verifyTokenGeneration" time="3.275"/>
  <testcase classname="com.api.automation.tests.CreateContactTest" name="createContact" time="1.634"/>
  <testcase classname="com.api.automation.tests.GetContactTest" name="getContactById" time="1.386"/>
  <testcase classname="com.api.automation.tests.UpdateContactTest" name="updateContact" time="1.57"/>
  <testcase classname="com.api.automation.tests.PatchContactTest" name="patchContact" time="1.523"/>
  <testcase classname="com.api.automation.tests.DeleteContactTest" name="deleteContact" time="1.38"/>
  <testcase classname="com.api.automation.base.BaseTest" name="@BeforeSuite setUpSuite" time="0.0">
    <ignored/>
  </testcase> <!-- @BeforeSuite setUpSuite -->
  <testcase classname="com.api.automation.base.BaseTest" name="@BeforeSuite setUpSuite" time="0.0">
    <ignored/>
  </testcase> <!-- @BeforeSuite setUpSuite -->
  <testcase classname="com.api.automation.base.BaseTest" name="@BeforeSuite setUpSuite" time="0.0">
    <ignored/>
  </testcase> <!-- @BeforeSuite setUpSuite -->
  <testcase classname="com.api.automation.base.BaseTest" name="@BeforeSuite setUpSuite" time="0.0">
    <ignored/>
  </testcase> <!-- @BeforeSuite setUpSuite -->
  <testcase classname="com.api.automation.base.BaseTest" name="@BeforeSuite setUpSuite" time="0.0">
    <ignored/>
  </testcase> <!-- @BeforeSuite setUpSuite -->
</testsuite> <!-- Contact CRUD Flow -->
